TN:
SF:bng-integration-credits-api/index.js
FN:3,(anonymous_0)
FN:10,(anonymous_1)
FNF:2
FNH:2
FNDA:4,(anonymous_0)
FNDA:4,(anonymous_1)
DA:1,1
DA:3,1
DA:4,4
DA:10,1
DA:11,4
DA:12,4
DA:13,1
DA:16,3
DA:17,3
DA:18,2
DA:19,2
DA:22,1
DA:24,0
LF:13
LH:12
BRDA:12,0,0,1
BRDA:12,0,1,3
BRDA:17,1,0,2
BRDA:17,1,1,1
BRF:4
BRH:4
end_of_record
TN:
SF:credit-schema/schema.js
FNF:0
FNH:0
DA:1,1
LF:1
LH:1
BRF:0
BRH:0
end_of_record
TN:
SF:credit-schema/validate.js
FN:8,(anonymous_0)
FNF:1
FNH:1
FNDA:3,(anonymous_0)
DA:1,1
DA:2,1
DA:3,1
DA:5,1
DA:6,1
DA:8,1
DA:9,3
DA:10,3
DA:13,1
LF:9
LH:9
BRF:0
BRH:0
end_of_record
